ERROR	2021-11-30 23:24:18,261	0	com.example.CloudKeeper.service.CloudService	[http-nio-8081-exec-2]	Error ExpiredJwtException: JWT has been expired
ERROR	2021-11-30 23:24:18,335	74	com.example.CloudKeeper.service.CloudService	[http-nio-8081-exec-6]	Error ExpiredJwtException: JWT has been expired
ERROR	2021-11-30 23:24:26,655	8394	com.example.CloudKeeper.service.CloudService	[http-nio-8081-exec-8]	Error Invalid auth-token format: should start with 'Bearer '
INFO	2021-11-30 23:24:27,062	8801	com.example.CloudKeeper.service.CloudService	[http-nio-8081-exec-8]	User user1 authorization success. JWT: eyJhbGciOiJIUzUxMiJ9.eyJzdWIiOiJ1c2VyMSIsImlhdCI6MTYzODMwMzg2NywiZXhwIjoxNjM4MzkwMjY3fQ.Q3SAVqPi82n30Lle80SI8nEju9XfZRYZkKE2nM1VKtH5pRLhxO_B1nxnE_q4UPxItPDDYumOskADvjDeiMNHbQ
INFO	2021-11-30 23:24:27,243	8982	com.example.CloudKeeper.service.CloudService	[http-nio-8081-exec-9]	User defined: login Optional[User(id=3, login=user1, password=P@sswd123, roles=[Role(id=1, name=ROLE_USER, users=null)])], id 3
INFO	2021-11-30 23:24:27,392	9131	com.example.CloudKeeper.controller.CloudController	[http-nio-8081-exec-9]	File list provided. Limit 3
INFO	2021-11-30 23:24:34,769	16508	com.example.CloudKeeper.service.CloudService	[http-nio-8081-exec-1]	User defined: login Optional[User(id=3, login=user1, password=P@sswd123, roles=[Role(id=1, name=ROLE_USER, users=null)])], id 3
INFO	2021-11-30 23:24:34,823	16562	com.example.CloudKeeper.controller.CloudController	[http-nio-8081-exec-1]	File shinshilla.jpeg uploaded
INFO	2021-11-30 23:24:36,925	18664	com.example.CloudKeeper.service.CloudService	[http-nio-8081-exec-2]	User defined: login Optional[User(id=3, login=user1, password=P@sswd123, roles=[Role(id=1, name=ROLE_USER, users=null)])], id 3
INFO	2021-11-30 23:24:37,020	18759	com.example.CloudKeeper.controller.CloudController	[http-nio-8081-exec-2]	File list provided. Limit 3
INFO	2021-11-30 23:24:44,832	26571	com.example.CloudKeeper.service.CloudService	[http-nio-8081-exec-4]	User defined: login Optional[User(id=3, login=user1, password=P@sswd123, roles=[Role(id=1, name=ROLE_USER, users=null)])], id 3
INFO	2021-11-30 23:24:44,917	26656	com.example.CloudKeeper.controller.CloudController	[http-nio-8081-exec-4]	File shinshilla.jpeg renamed to 614.jpeg
INFO	2021-11-30 23:24:50,429	32168	com.example.CloudKeeper.service.CloudService	[http-nio-8081-exec-6]	User defined: login Optional[User(id=3, login=user1, password=P@sswd123, roles=[Role(id=1, name=ROLE_USER, users=null)])], id 3
INFO	2021-11-30 23:24:50,468	32207	com.example.CloudKeeper.controller.CloudController	[http-nio-8081-exec-6]	File 614.jpeg downloaded
INFO	2021-11-30 23:24:59,345	41084	com.example.CloudKeeper.service.CloudService	[http-nio-8081-exec-8]	User defined: login Optional[User(id=3, login=user1, password=P@sswd123, roles=[Role(id=1, name=ROLE_USER, users=null)])], id 3
INFO	2021-11-30 23:24:59,392	41131	com.example.CloudKeeper.controller.CloudController	[http-nio-8081-exec-8]	File 614.jpeg removed
INFO	2021-11-30 23:25:01,493	43232	com.example.CloudKeeper.service.CloudService	[http-nio-8081-exec-9]	User defined: login Optional[User(id=3, login=user1, password=P@sswd123, roles=[Role(id=1, name=ROLE_USER, users=null)])], id 3
INFO	2021-11-30 23:25:01,578	43317	com.example.CloudKeeper.controller.CloudController	[http-nio-8081-exec-9]	File list provided. Limit 3
ERROR	2021-11-30 23:25:14,138	55877	com.example.CloudKeeper.service.CloudService	[http-nio-8081-exec-2]	Error Invalid auth-token format: should start with 'Bearer '
INFO	2021-11-30 23:25:14,296	56035	com.example.CloudKeeper.service.CloudService	[http-nio-8081-exec-2]	User Elyne authorization success. JWT: eyJhbGciOiJIUzUxMiJ9.eyJzdWIiOiJFbHluZSIsImlhdCI6MTYzODMwMzkxNCwiZXhwIjoxNjM4MzkwMzE0fQ.7b3GGDFIjgHuslltb884KiKYgDhZPH_LOcAYFBcEeQ0HTePSVqIDYFKYbVf6FmEcIUPkOyb5emLru8jHtjxNiw
INFO	2021-11-30 23:25:14,419	56158	com.example.CloudKeeper.service.CloudService	[http-nio-8081-exec-3]	User defined: login Optional[User(id=1, login=Elyne, password=Ketorazamink3313@, roles=[Role(id=1, name=ROLE_USER, users=null)])], id 1
INFO	2021-11-30 23:25:14,570	56309	com.example.CloudKeeper.controller.CloudController	[http-nio-8081-exec-3]	File list provided. Limit 3
INFO	2021-11-30 23:25:17,208	58947	com.example.CloudKeeper.service.CloudService	[http-nio-8081-exec-5]	User defined: login Optional[User(id=1, login=Elyne, password=Ketorazamink3313@, roles=[Role(id=1, name=ROLE_USER, users=null)])], id 1
INFO	2021-11-30 23:25:17,280	59019	com.example.CloudKeeper.controller.CloudController	[http-nio-8081-exec-5]	File 204.jpeg renamed to 787.jpeg
ERROR	2021-11-30 23:33:38,892	0	com.example.CloudKeeper.service.CloudService	[http-nio-8081-exec-1]	Error Invalid auth-token format: should start with 'Bearer '
INFO	2021-11-30 23:33:39,265	373	com.example.CloudKeeper.service.CloudService	[http-nio-8081-exec-1]	User Elyne authorization success. JWT: eyJhbGciOiJIUzUxMiJ9.eyJzdWIiOiJFbHluZSIsImlhdCI6MTYzODMwNDQxOSwiZXhwIjoxNjM4MzkwODE5fQ.RJVASiUoGCsjMMJldiv-zfGocU74xl2l0GzZbeWw6cZreE3xpwpAYYxA9v0BHN10MqCP9gtHzpZGFDg5mcdJfg
INFO	2021-11-30 23:33:39,409	517	com.example.CloudKeeper.service.CloudService	[http-nio-8081-exec-2]	User defined: login Optional[User(id=1, login=Elyne, password=Ketorazamink3313@, roles=[Role(id=1, name=ROLE_USER, users=null)])], id 1
INFO	2021-11-30 23:33:39,612	720	com.example.CloudKeeper.controller.CloudController	[http-nio-8081-exec-2]	File list provided. Limit 3
INFO	2021-11-30 23:33:43,050	4158	com.example.CloudKeeper.service.CloudService	[http-nio-8081-exec-4]	User defined: login Optional[User(id=1, login=Elyne, password=Ketorazamink3313@, roles=[Role(id=1, name=ROLE_USER, users=null)])], id 1
INFO	2021-11-30 23:33:43,138	4246	com.example.CloudKeeper.controller.CloudController	[http-nio-8081-exec-4]	File 787.jpeg renamed to 29.jpeg
INFO	2021-11-30 23:40:53,387	0	com.example.CloudKeeper.controller.CloudController	[main]	File list provided. Limit 3
INFO	2021-11-30 23:40:53,393	6	com.example.CloudKeeper.controller.CloudController	[main]	File filename1 uploaded
INFO	2021-11-30 23:40:53,396	9	com.example.CloudKeeper.controller.CloudController	[main]	File filename1 renamed to newFilename1
INFO	2021-11-30 23:40:53,399	12	com.example.CloudKeeper.controller.CloudController	[main]	File filename1 downloaded
INFO	2021-11-30 23:40:53,402	15	com.example.CloudKeeper.controller.CloudController	[main]	File filename1 removed
INFO	2021-11-30 23:40:53,430	43	com.example.CloudKeeper.service.CloudService	[main]	User Test user authorization success. JWT: authTocken
INFO	2021-11-30 23:40:53,434	47	com.example.CloudKeeper.service.CloudService	[main]	User Test user logout success
INFO	2021-11-30 23:45:34,725	0	com.example.CloudKeeper.service.CloudService	[main]	User defined: login Test user, id 1
INFO	2021-11-30 23:45:34,735	10	com.example.CloudKeeper.service.CloudService	[main]	User defined: login Test user, id 1
INFO	2021-11-30 23:45:34,738	13	com.example.CloudKeeper.service.CloudService	[main]	User defined: login Test user, id 1
INFO	2021-11-30 23:45:34,741	16	com.example.CloudKeeper.service.CloudService	[main]	User defined: login Test user, id 1
INFO	2021-11-30 23:45:34,746	21	com.example.CloudKeeper.service.CloudService	[main]	User defined: login Test user, id 1
INFO	2021-11-30 23:45:47,881	0	com.example.CloudKeeper.service.CloudService	[main]	User defined: login Test user, id 1
INFO	2021-11-30 23:45:47,886	5	com.example.CloudKeeper.service.CloudService	[main]	User defined: login Test user, id 1
INFO	2021-11-30 23:45:47,888	7	com.example.CloudKeeper.service.CloudService	[main]	User defined: login Test user, id 1
INFO	2021-11-30 23:45:47,891	10	com.example.CloudKeeper.service.CloudService	[main]	User defined: login Test user, id 1
INFO	2021-11-30 23:45:47,893	12	com.example.CloudKeeper.service.CloudService	[main]	User defined: login Test user, id 1
INFO	2021-11-30 23:45:47,914	33	com.example.CloudKeeper.controller.CloudController	[main]	File list provided. Limit 3
INFO	2021-11-30 23:45:47,916	35	com.example.CloudKeeper.controller.CloudController	[main]	File filename1 uploaded
INFO	2021-11-30 23:45:47,918	37	com.example.CloudKeeper.controller.CloudController	[main]	File filename1 renamed to newFilename1
INFO	2021-11-30 23:45:47,920	39	com.example.CloudKeeper.controller.CloudController	[main]	File filename1 downloaded
INFO	2021-11-30 23:45:47,923	42	com.example.CloudKeeper.controller.CloudController	[main]	File filename1 removed
INFO	2021-11-30 23:45:47,948	67	com.example.CloudKeeper.service.CloudService	[main]	User Test user authorization success. JWT: authTocken
INFO	2021-11-30 23:45:47,953	72	com.example.CloudKeeper.service.CloudService	[main]	User Test user logout success
